Arguments: 
  C:\Program Files\nodejs\node.exe C:\Users\jason\AppData\Roaming\npm\node_modules\yarn\bin\yarn.js add webkit-dev-server

PATH: 
  C:\Python310\Scripts\;C:\Python310\;C:\Program Files (x86)\Common Files\Oracle\Java\javapath;C:\Program Files (x86)\VMware\VMware Player\bin\;C:\WINDOWS\system32;C:\WINDOWS;C:\WINDOWS\System32\Wbem;C:\WINDOWS\System32\WindowsPowerShell\v1.0\;C:\WINDOWS\System32\OpenSSH\;C:\Program Files\Intel\TXE Components\DAL\;C:\Program Files (x86)\Intel\TXE Components\DAL\;C:\Program Files (x86)\Windows Kits\10\Windows Performance Toolkit\;C:\Program Files\Git\cmd;C:\ProgramData\chocolatey\bin;C:\Program Files\dotnet\;C:\Program Files\nodejs\;C:\Users\jason\AppData\Local\Microsoft\WindowsApps;C:\Users\jason\AppData\Local\GitHubDesktop\bin;C:\Users\jason\AppData\Local\atom\bin;C:\Users\jason\AppData\Roaming\npm

Yarn version: 
  1.22.17

Node version: 
  16.14.0

Platform: 
  win32 x64

Trace: 
  Error: https://registry.yarnpkg.com/webkit-dev-server: Not found
      at Request.params.callback [as _callback] (C:\Users\jason\AppData\Roaming\npm\node_modules\yarn\lib\cli.js:67029:18)
      at Request.self.callback (C:\Users\jason\AppData\Roaming\npm\node_modules\yarn\lib\cli.js:140883:22)
      at Request.emit (node:events:520:28)
      at Request.<anonymous> (C:\Users\jason\AppData\Roaming\npm\node_modules\yarn\lib\cli.js:141855:10)
      at Request.emit (node:events:520:28)
      at IncomingMessage.<anonymous> (C:\Users\jason\AppData\Roaming\npm\node_modules\yarn\lib\cli.js:141777:12)
      at Object.onceWrapper (node:events:639:28)
      at IncomingMessage.emit (node:events:532:35)
      at endReadableNT (node:internal/streams/readable:1346:12)
      at processTicksAndRejections (node:internal/process/task_queues:83:21)

npm manifest: 
  {
    "name": "gvbvdxx-mod-player",
    "version": "1.0.0",
    "main": "index.js",
    "license": "MIT",
    "private": false,
    "dependencies": {
      "scratch-audio": "^0.1.0-prerelease.20200528195344"
    }
  }

yarn manifest: 
  No manifest

Lockfile: 
  # THIS IS AN AUTOGENERATED FILE. DO NOT EDIT THIS FILE DIRECTLY.
  # yarn lockfile v1
  
  
  audio-context@1.0.1:
    version "1.0.1"
    resolved "https://registry.yarnpkg.com/audio-context/-/audio-context-1.0.1.tgz#cec4db8ace6ef4aacbf10eef0977a4571468d4ab"
    integrity sha1-zsTbis5u9KrL8Q7vCXekVxRo1Ks=
    dependencies:
      global "^4.3.1"
  
  dom-walk@^0.1.0:
    version "0.1.2"
    resolved "https://registry.yarnpkg.com/dom-walk/-/dom-walk-0.1.2.tgz#0c548bef048f4d1f2a97249002236060daa3fd84"
    integrity sha512-6QvTW9mrGeIegrFXdtQi9pk7O/nSK6lSdXW2eqUspN5LWD7UTji2Fqw5V2YLjBpHEoU9Xl/eUWNpDeZvoyOv2w==
  
  global@^4.3.1:
    version "4.4.0"
    resolved "https://registry.yarnpkg.com/global/-/global-4.4.0.tgz#3e7b105179006a323ed71aafca3e9c57a5cc6406"
    integrity sha512-wv/LAoHdRE3BeTGz53FAamhGlPLhlssK45usmGFThIi4XqnBmjKQ16u+RNbP7WvigRZDxUsM0J3gcQ5yicaL0w==
    dependencies:
      min-document "^2.19.0"
      process "^0.11.10"
  
  microee@0.0.6:
    version "0.0.6"
    resolved "https://registry.yarnpkg.com/microee/-/microee-0.0.6.tgz#a12bdb0103681e8b126a9b071eba4c467c78fffe"
    integrity sha1-oSvbAQNoHosSapsHHrpMRnx4//4=
  
  min-document@^2.19.0:
    version "2.19.0"
    resolved "https://registry.yarnpkg.com/min-document/-/min-document-2.19.0.tgz#7bd282e3f5842ed295bb748cdd9f1ffa2c824685"
    integrity sha1-e9KC4/WELtKVu3SM3Z8f+iyCRoU=
    dependencies:
      dom-walk "^0.1.0"
  
  minilog@^3.0.1:
    version "3.1.0"
    resolved "https://registry.yarnpkg.com/minilog/-/minilog-3.1.0.tgz#d2d0f1887ca363d1acf0ea86d5c4df293b3fb675"
    integrity sha1-0tDxiHyjY9Gs8OqG1cTfKTs/tnU=
    dependencies:
      microee "0.0.6"
  
  process@^0.11.10:
    version "0.11.10"
    resolved "https://registry.yarnpkg.com/process/-/process-0.11.10.tgz#7332300e840161bda3e69a1d1d91a7d4bc16f182"
    integrity sha1-czIwDoQBYb2j5podHZGn1LwW8YI=
  
  scratch-audio@^0.1.0-prerelease.20200528195344:
    version "0.1.0-prerelease.20200528195344"
    resolved "https://registry.yarnpkg.com/scratch-audio/-/scratch-audio-0.1.0-prerelease.20200528195344.tgz#842d27fc5817ff183b0283bac95008446b8a7f15"
    integrity sha512-BY1IiMMBj0WDs7jdYnOzBHE88AX3ltjs2XfINJ1VrIE4xn2vZvPgJAyw6ZCc2FDPRwTWLpCdhnlA1TBdaKKdiQ==
    dependencies:
      audio-context "1.0.1"
      minilog "^3.0.1"
      startaudiocontext "1.2.1"
  
  startaudiocontext@1.2.1:
    version "1.2.1"
    resolved "https://registry.yarnpkg.com/startaudiocontext/-/startaudiocontext-1.2.1.tgz#46d2cab5462c791180acc7223e3bbbc3272c8595"
    integrity sha1-RtLKtUYseRGArMciPju7wycshZU=
